Removed Pin From Net: NetName=NetC15_1 Pin=Q10-A1
Removed Pin From Net: NetName=NetC15_1 Pin=Q11-A1
Removed Pin From Net: NetName=NetQ11_B1 Pin=Q11-B1
Removed Pin From Net: NetName=NetC15_1 Pin=Q12-A1
Removed Pin From Net: NetName=NetQ12_B1 Pin=Q12-B1
Removed Pin From Net: NetName=NetC15_1 Pin=Q13-A1
Removed Pin From Net: NetName=NetQ13_B1 Pin=Q13-B1
Removed Pin From Net: NetName=NetC15_1 Pin=Q14-A1
Removed Pin From Net: NetName=NetQ14_B1 Pin=Q14-B1
Removed Pin From Net: NetName=NetC15_1 Pin=Q15-A1
Removed Pin From Net: NetName=NetQ15_B1 Pin=Q15-B1
Removed Pin From Net: NetName=NetQ11_B1 Pin=R12-1
Removed Pin From Net: NetName=NetQ13_B1 Pin=R15-1
Removed Pin From Net: NetName=NetQ12_B1 Pin=R16-1
Removed Pin From Net: NetName=NetQ14_B1 Pin=R17-1
Removed Pin From Net: NetName=NetQ15_B1 Pin=R19-1
Change Component Designator: OldDesignator= NewDesignator=R8
Change Component Designator: OldDesignator=                 NewDesignator=X5
Change Component Designator: OldDesignator=C1 NewDesignator=C2
Change Component Designator: OldDesignator=C2 NewDesignator=C7
Change Component Designator: OldDesignator=C7 NewDesignator=C8
Change Component Designator: OldDesignator=C8 NewDesignator=C9
Change Component Designator: OldDesignator=C9 NewDesignator=C10
Change Component Designator: OldDesignator=C10 NewDesignator=C11
Change Component Designator: OldDesignator=C11 NewDesignator=C12
Change Component Designator: OldDesignator=C12 NewDesignator=C13
Change Component Designator: OldDesignator=C13 NewDesignator=C14
Change Component Designator: OldDesignator=C14 NewDesignator=C15
Change Component Designator: OldDesignator=C15 NewDesignator=C16
Change Component Designator: OldDesignator=C16 NewDesignator=C17
Change Component Designator: OldDesignator=C17 NewDesignator=C18
Change Component Designator: OldDesignator=C18 NewDesignator=C19
Change Component Designator: OldDesignator=C19 NewDesignator=C20
Change Component Designator: OldDesignator=C20 NewDesignator=C21
Change Component Designator: OldDesignator=Q1 NewDesignator=Q2
Change Component Designator: OldDesignator=Q2 NewDesignator=Q3
Change Component Designator: OldDesignator=Q3 NewDesignator=Q4
Change Component Designator: OldDesignator=Q4 NewDesignator=Q5
Change Component Designator: OldDesignator=Q5 NewDesignator=Q6
Change Component Designator: OldDesignator=Q6 NewDesignator=Q7
Change Component Designator: OldDesignator=Q7 NewDesignator=Q8
Change Component Designator: OldDesignator=Q8 NewDesignator=Q9
Change Component Designator: OldDesignator=Q9 NewDesignator=Q10
Change Component Designator: OldDesignator=Q10 NewDesignator=Q11
Change Component Designator: OldDesignator=Q11 NewDesignator=Q12
Change Component Designator: OldDesignator=Q12 NewDesignator=Q13
Change Component Designator: OldDesignator=Q13 NewDesignator=Q14
Change Component Designator: OldDesignator=Q14 NewDesignator=Q15
Change Component Designator: OldDesignator=Q15 NewDesignator=Q16
Change Component Designator: OldDesignator=R1 NewDesignator=R2
Change Component Designator: OldDesignator=R2 NewDesignator=R3
Change Component Designator: OldDesignator=R3 NewDesignator=R6
Change Component Designator: OldDesignator=R6 NewDesignator=R7
Change Component Designator: OldDesignator=R8 NewDesignator=R9
Change Component Designator: OldDesignator=R9 NewDesignator=R10
Change Component Designator: OldDesignator=R10 NewDesignator=R11
Change Component Designator: OldDesignator=R11 NewDesignator=R12
Change Component Designator: OldDesignator=R12 NewDesignator=R13
Change Component Designator: OldDesignator=R13 NewDesignator=R14
Change Component Designator: OldDesignator=R14 NewDesignator=R15
Change Component Designator: OldDesignator=R15 NewDesignator=R16
Change Component Designator: OldDesignator=R16 NewDesignator=R17
Change Component Designator: OldDesignator=R17 NewDesignator=R19
Change Component Designator: OldDesignator=R18 NewDesignator=R20
Change Component Designator: OldDesignator=R19 NewDesignator=R22
Change Component Designator: OldDesignator=R20 NewDesignator=R18
Added Component: Designator=C1(RAD-0.3)
Add component (AddParameter): Name = "LatestRevisionDate"; Value = "17-Jul-2002"; VariantName = "[No Variations]"
Add component (AddParameter): Name = "LatestRevisionNote"; Value = "Re-released for DXP Platform."; VariantName = "[No Variations]"
Add component (AddParameter): Name = "PackageDescription"; Value = "Radial Cap, Thru-Hole; 2 Leads; 0.3 in Pin Spacing"; VariantName = "[No Variations]"
Add component (AddParameter): Name = "PackageReference"; Value = "RAD-0.3"; VariantName = "[No Variations]"
Add component (AddParameter): Name = "Published"; Value = "8-Jun-2000"; VariantName = "[No Variations]"
Add component (AddParameter): Name = "Publisher"; Value = "Altium Limited"; VariantName = "[No Variations]"
Add component (AddParameter): Name = "Value"; Value = "100uF"; VariantName = "[No Variations]"
Added Component: Designator=Q1(WS-TASV_L6W6H4.3_4301x20438x6)
Add component (AddParameter): Name = "Actuator Length"; Value = "900µm"; VariantName = "[No Variations]"
Add component (AddParameter): Name = "Actuator Material"; Value = "Liquid Crystal Polymer, Polymer"; VariantName = "[No Variations]"
Add component (AddParameter): Name = "Color"; Value = "Orange"; VariantName = "[No Variations]"
Add component (AddParameter): Name = "Contact Current Rating"; Value = "50mA"; VariantName = "[No Variations]"
Add component (AddParameter): Name = "Contact Material"; Value = "Stainless Steel, Steel"; VariantName = "[No Variations]"
Add component (AddParameter): Name = "Contact Plating"; Value = "Silver"; VariantName = "[No Variations]"
Add component (AddParameter): Name = "Current Rating"; Value = "50mA"; VariantName = "[No Variations]"
Add component (AddParameter): Name = "Diameter"; Value = "3.5mm"; VariantName = "[No Variations]"
Add component (AddParameter): Name = "Height"; Value = "4.3mm"; VariantName = "[No Variations]"
Add component (AddParameter): Name = "Illumination Type"; Value = "Illuminated, Non-Illuminated"; VariantName = "[No Variations]"
Add component (AddParameter): Name = "Insulation Resistance"; Value = "100M?"; VariantName = "[No Variations]"
Add component (AddParameter): Name = "Length"; Value = "6.2mm"; VariantName = "[No Variations]"
Add component (AddParameter): Name = "Max Operating Temperature"; Value = "85°C"; VariantName = "[No Variations]"
Add component (AddParameter): Name = "Mechanical Life"; Value = "200kcycles"; VariantName = "[No Variations]"
Add component (AddParameter): Name = "Min Operating Temperature"; Value = "-40°C"; VariantName = "[No Variations]"
Add component (AddParameter): Name = "Mount"; Value = "Surface Mount"; VariantName = "[No Variations]"
Add component (AddParameter): Name = "NexarPartId"; Value = "22861785"; VariantName = "[No Variations]"
Add component (AddParameter): Name = "Packaging"; Value = "Tape and Reel"; VariantName = "[No Variations]"
Add component (AddParameter): Name = "REACH SVHC"; Value = "No SVHC"; VariantName = "[No Variations]"
Add component (AddParameter): Name = "RoHS"; Value = "Compliant"; VariantName = "[No Variations]"
Add component (AddParameter): Name = "Switch Function"; Value = "Off-Mom"; VariantName = "[No Variations]"
Add component (AddParameter): Name = "Switch Travel"; Value = "250µm"; VariantName = "[No Variations]"
Add component (AddParameter): Name = "Termination"; Value = "Gull Wing"; VariantName = "[No Variations]"
Add component (AddParameter): Name = "Throw Configuration"; Value = "SPST"; VariantName = "[No Variations]"
Add component (AddParameter): Name = "Voltage Rating"; Value = "12V"; VariantName = "[No Variations]"
Add component (AddParameter): Name = "Width"; Value = "6.2mm"; VariantName = "[No Variations]"
Added Component: Designator=R1(AXIAL-0.4)
Add component (AddParameter): Name = "LatestRevisionDate"; Value = "17-Jul-2002"; VariantName = "[No Variations]"
Add component (AddParameter): Name = "LatestRevisionNote"; Value = "Re-released for DXP Platform."; VariantName = "[No Variations]"
Add component (AddParameter): Name = "PackageDescription"; Value = "Axial Device, Thru-Hole; 2 Leads; 0.4 in Pin Spacing"; VariantName = "[No Variations]"
Add component (AddParameter): Name = "PackageReference"; Value = "AXIAL-0.4"; VariantName = "[No Variations]"
Add component (AddParameter): Name = "Published"; Value = "8-Jun-2000"; VariantName = "[No Variations]"
Add component (AddParameter): Name = "Publisher"; Value = "Altium Limited"; VariantName = "[No Variations]"
Add component (AddParameter): Name = "Value"; Value = "5K"; VariantName = "[No Variations]"
Added Pin To Net: NetName=GND Pin=C1-1
Added Pin To Net: NetName=NetC2_2 Pin=C1-2
Added Pin To Net: NetName=NetC2_2 Pin=D2-76
Added Pin To Net: NetName=NetC15_1 Pin=Q1-A1
Added Pin To Net: NetName=NetC15_1 Pin=Q1-A2
Added Pin To Net: NetName=NetC15_1 Pin=Q3-A2
Added Pin To Net: NetName=NetC15_1 Pin=Q4-A2
Added Pin To Net: NetName=NetC15_1 Pin=Q5-A2
Added Pin To Net: NetName=NetC15_1 Pin=Q6-A2
Added Pin To Net: NetName=NetC15_1 Pin=Q7-A2
Added Pin To Net: NetName=NetQ11_B1 Pin=Q11-B1
Added Pin To Net: NetName=NetQ11_B1 Pin=Q11-B2
Added Pin To Net: NetName=NetQ12_B1 Pin=Q12-B1
Added Pin To Net: NetName=NetQ12_B1 Pin=Q12-B2
Added Pin To Net: NetName=NetQ13_B1 Pin=Q13-B1
Added Pin To Net: NetName=NetQ13_B1 Pin=Q13-B2
Added Pin To Net: NetName=NetQ14_B1 Pin=Q14-B1
Added Pin To Net: NetName=NetQ14_B1 Pin=Q14-B2
Added Pin To Net: NetName=NetQ15_B1 Pin=Q15-B1
Added Pin To Net: NetName=NetQ15_B1 Pin=Q15-B2
Added Pin To Net: NetName=NetC2_2 Pin=R1-2
Added Pin To Net: NetName=NetQ12_B1 Pin=R13-1
Added Pin To Net: NetName=NetQ11_B1 Pin=R14-1
Added Pin To Net: NetName=NetQ14_B1 Pin=R16-1
Added Pin To Net: NetName=NetQ13_B1 Pin=R17-1
Added Pin To Net: NetName=NetQ15_B1 Pin=R19-1
Change Net Name : Old Net Name=NetC1_2 New Net Name=NetC2_2
Change Net Name : Old Net Name=NetC2_2 New Net Name=NetC1_2
Change Net Name : Old Net Name=NetC7_2 New Net Name=NetC8_2
Change Net Name : Old Net Name=NetC8_1 New Net Name=NetC9_1
Change Net Name : Old Net Name=NetC9_1 New Net Name=NetC10_1
Change Net Name : Old Net Name=NetC10_2 New Net Name=NetC11_2
Change Net Name : Old Net Name=NetC11_2 New Net Name=NetC12_2
Change Net Name : Old Net Name=NetC12_2 New Net Name=NetC13_2
Change Net Name : Old Net Name=NetC13_2 New Net Name=NetC14_2
Change Net Name : Old Net Name=NetC14_1 New Net Name=NetC15_1
Change Net Name : Old Net Name=NetC14_2 New Net Name=NetC15_2
Change Net Name : Old Net Name=NetC15_1 New Net Name=NetC16_1
Change Net Name : Old Net Name=NetC16_2 New Net Name=NetC17_2
Change Net Name : Old Net Name=NetC17_1 New Net Name=NetC18_1
Change Net Name : Old Net Name=NetC18_2 New Net Name=NetC19_2
Change Net Name : Old Net Name=NetC19_2 New Net Name=NetC20_2
Change Net Name : Old Net Name=NetC20_2 New Net Name=NetC21_2
Change Net Name : Old Net Name=NetQ9_2 New Net Name=NetQ10_2
Change Net Name : Old Net Name=NetR14_2 New Net Name=NetR15_2
Added Pin To Net: NetName=NetQ1_B1 Pin=Q1-B1
Added Pin To Net: NetName=NetQ1_B1 Pin=Q1-B2
Added Pin To Net: NetName=NetQ1_B1 Pin=R1-1
Added Net: Name=NetQ1_B1
Added Pin To Net: NetName=NetQ2_B1 Pin=Q2-B1
Added Pin To Net: NetName=NetQ2_B1 Pin=Q2-B2
Added Pin To Net: NetName=NetQ2_B1 Pin=R2-1
Added Net: Name=NetQ2_B1
Added Pin To Net: NetName=NetQ3_B1 Pin=Q3-B1
Added Pin To Net: NetName=NetQ3_B1 Pin=Q3-B2
Added Pin To Net: NetName=NetQ3_B1 Pin=R3-1
Added Net: Name=NetQ3_B1
Added Pin To Net: NetName=NetQ4_B1 Pin=Q4-B1
Added Pin To Net: NetName=NetQ4_B1 Pin=Q4-B2
Added Pin To Net: NetName=NetQ4_B1 Pin=R6-1
Added Net: Name=NetQ4_B1
Added Pin To Net: NetName=NetQ5_B1 Pin=Q5-B1
Added Pin To Net: NetName=NetQ5_B1 Pin=Q5-B2
Added Pin To Net: NetName=NetQ5_B1 Pin=R4-1
Added Net: Name=NetQ5_B1
Added Pin To Net: NetName=NetQ6_B1 Pin=Q6-B1
Added Pin To Net: NetName=NetQ6_B1 Pin=Q6-B2
Added Pin To Net: NetName=NetQ6_B1 Pin=R5-1
Added Net: Name=NetQ6_B1
Added Pin To Net: NetName=NetQ7_B1 Pin=Q7-B1
Added Pin To Net: NetName=NetQ7_B1 Pin=Q7-B2
Added Pin To Net: NetName=NetQ7_B1 Pin=R7-1
Added Net: Name=NetQ7_B1
Added Pin To Net: NetName=NetQ8_A2 Pin=Q8-A2
Added Pin To Net: NetName=NetQ8_A2 Pin=Q11-A1
Added Pin To Net: NetName=NetQ8_A2 Pin=Q11-A2
Added Pin To Net: NetName=NetQ8_A2 Pin=Q12-A1
Added Pin To Net: NetName=NetQ8_A2 Pin=Q12-A2
Added Pin To Net: NetName=NetQ8_A2 Pin=Q13-A1
Added Pin To Net: NetName=NetQ8_A2 Pin=Q13-A2
Added Pin To Net: NetName=NetQ8_A2 Pin=Q14-A1
Added Pin To Net: NetName=NetQ8_A2 Pin=Q14-A2
Added Pin To Net: NetName=NetQ8_A2 Pin=Q15-A1
Added Pin To Net: NetName=NetQ8_A2 Pin=Q15-A2
Added Pin To Net: NetName=NetQ8_A2 Pin=Q16-A1
Added Pin To Net: NetName=NetQ8_A2 Pin=Q16-A2
Added Net: Name=NetQ8_A2
Added Pin To Net: NetName=NetQ8_B1 Pin=Q8-B1
Added Pin To Net: NetName=NetQ8_B1 Pin=Q8-B2
Added Pin To Net: NetName=NetQ8_B1 Pin=R10-1
Added Net: Name=NetQ8_B1
Added Pin To Net: NetName=NetQ9_B1 Pin=Q9-B1
Added Pin To Net: NetName=NetQ9_B1 Pin=Q9-B2
Added Pin To Net: NetName=NetQ9_B1 Pin=R11-1
Added Net: Name=NetQ9_B1
Added Pin To Net: NetName=NetQ16_B1 Pin=Q16-B1
Added Pin To Net: NetName=NetQ16_B1 Pin=Q16-B2
Added Pin To Net: NetName=NetQ16_B1 Pin=R22-1
Added Net: Name=NetQ16_B1
Added Member To Class: ClassName=Joystick Member=Component C21 Cap
Added Member To Class: ClassName=Joystick Member=Component Q16 430152043836
Added Member To Class: ClassName=Joystick Member=Component R7 Res2
Added Member To Class: ClassName=Joystick Member=Component R22 Res2
Added Member To Class: ClassName=Joystick Member=Component X5 67503-1020
